<?xml version="1.0" encoding="UTF-8"?>
<!-- Generated by org.testng.reporters.JUnitReportReporter -->
<testsuite hostname="DESKTOP-GAS0527" failures="0" tests="2" name="rahulshettyacademy.tests.ErrorValidations" time="28.638" errors="0" timestamp="2024-08-15T22:45:24 CST" skipped="0">
  <testcase classname="rahulshettyacademy.tests.ErrorValidations" name="ProductErrorValidation" time="21.019"/>
  <testcase classname="rahulshettyacademy.tests.ErrorValidations" name="LoginErrorValidation" time="7.619"/>
</testsuite> <!-- rahulshettyacademy.tests.ErrorValidations -->
