<?xml version="1.0" encoding="UTF-8"?>
<!-- Generated by org.testng.reporters.JUnitReportReporter -->
<testsuite hostname="DESKTOP-GAS0527" failures="0" tests="2" name="rahulshettyacademy.tests.ErrorValidationsTest" time="39.900" errors="0" timestamp="2024-09-10T00:45:55 CST" skipped="0">
  <testcase classname="rahulshettyacademy.tests.ErrorValidationsTest" name="LoginErrorValidation" time="9.085"/>
  <system-out/>
  <testcase classname="rahulshettyacademy.tests.ErrorValidationsTest" name="ProductErrorValidation" time="30.815"/>
  <system-out/>
</testsuite> <!-- rahulshettyacademy.tests.ErrorValidationsTest -->
